[debug] [2018-09-28T13:12:43.254Z] ----------------------------------------------------------------------
[debug] [2018-09-28T13:12:43.254Z] Command:       C:\nodejs\node.exe C:\Users\denis\AppData\Roaming\npm\node_modules\firebase-tools\bin\firebase open
[debug] [2018-09-28T13:12:43.254Z] CLI Version:   4.0.3
[debug] [2018-09-28T13:12:43.254Z] Platform:      win32
[debug] [2018-09-28T13:12:43.254Z] Node Version:  v8.11.3
[debug] [2018-09-28T13:12:43.254Z] Time:          Fri Sep 28 2018 10:12:43 GMT-0300 (Hora oficial do Brasil)
[debug] [2018-09-28T13:12:43.254Z] ----------------------------------------------------------------------
[debug] 
[debug] [2018-09-28T13:12:43.270Z] > command requires scopes: ["email","openid","https://www.googleapis.com/auth/cloudplatformprojects.readonly","https://www.googleapis.com/auth/firebase"]
[debug] [2018-09-28T13:12:43.270Z] > authorizing via signed-in user
[debug] [2018-09-28T13:12:43.270Z] > refreshing access token with scopes: ["email","https://www.googleapis.com/auth/cloudplatformprojects.readonly","https://www.googleapis.com/auth/firebase","openid"]
[debug] [2018-09-28T13:12:43.270Z] >>> HTTP REQUEST POST https://www.googleapis.com/oauth2/v3/token  
 { refresh_token: '1/iPeC4-P7_YM9rVqL80j7M-UchFQrhoKbiB4bp3QmVkQ',
  client_id: '563584335869-fgrhgmd47bqnekij5i8b5pr03ho849e6.apps.googleusercontent.com',
  client_secret: 'j9iVZfS8kkCEFUPaAeJV0sAi',
  grant_type: 'refresh_token',
  scope: 'email https://www.googleapis.com/auth/cloudplatformprojects.readonly https://www.googleapis.com/auth/firebase openid' } 
 Fri Sep 28 2018 10:12:43 GMT-0300 (Hora oficial do Brasil)
[debug] [2018-09-28T13:12:43.504Z] <<< HTTP RESPONSE 200
[debug] [2018-09-28T13:12:43.535Z] >>> HTTP REQUEST GET https://admin.firebase.com/v1/projects/climbox-commerce  
  
 Fri Sep 28 2018 10:12:43 GMT-0300 (Hora oficial do Brasil)
[debug] [2018-09-28T13:12:44.863Z] <<< HTTP RESPONSE 200
[debug] [2018-09-28T13:12:44.863Z] >>> HTTP REQUEST GET https://admin.firebase.com/v1/database/climbox-commerce/tokens  
  
 Fri Sep 28 2018 10:12:44 GMT-0300 (Hora oficial do Brasil)
[debug] [2018-09-28T13:12:45.676Z] <<< HTTP RESPONSE 200
